[0][SPM_TB] SPM TB log opened
[75000][SPM_TB] Released reset
[75000][SPM_TB] CHECK PASS: reset buffer status matched expectation
[75000][SPM_TB] Starting DMA -> act_spm write sequence
[75000][SPM_TB] DMA write req type=0 buf=1 row=0 data=0x4f4e4d4c4b4a494847464544434241403f3e3d3c3b3a393837363534333231302f2e2d2c2b2a292827262524232221201f1e1d1c1b1a19181716151413121110 last=0
[95000][SPM_TB] DMA write accepted for buf=1 row=0
[95000][SPM_TB] DMA write req type=0 buf=1 row=1 data=0x5f5e5d5c5b5a595857565554535251504f4e4d4c4b4a494847464544434241403f3e3d3c3b3a393837363534333231302f2e2d2c2b2a29282726252423222120 last=1
[115000][SPM_TB] DMA write accepted for buf=1 row=1
[125000][SPM_TB] CHECK PASS: act_buf_ready=0x2 after DMA writes
[125000][SPM_TB] Starting DMA -> wgt_spm write sequence
[125000][SPM_TB] DMA write req type=1 buf=0 row=0 data=0x6f6e6d6c6b6a696867666564636261605f5e5d5c5b5a595857565554535251504f4e4d4c4b4a494847464544434241403f3e3d3c3b3a39383736353433323130 last=0
[145000][SPM_TB] DMA write accepted for buf=0 row=0
[145000][SPM_TB] DMA write req type=1 buf=0 row=1 data=0x7f7e7d7c7b7a797877767574737271706f6e6d6c6b6a696867666564636261605f5e5d5c5b5a595857565554535251504f4e4d4c4b4a49484746454443424140 last=1
[165000][SPM_TB] DMA write accepted for buf=0 row=1
[175000][SPM_TB] CHECK PASS: wgt_buf_ready=0x1 after DMA writes
[176000][SPM_TB] NPU read request act_buf=1 wgt_buf=0 k_idx=0
[176000][SPM_TB] Observed act_vec=0x1f1e1d1c1b1a19181716151413121110 exp_act_vec=0x1f1e1d1c1b1a19181716151413121110
[176000][SPM_TB] Observed wgt_vec=0x3f3e3d3c3b3a39383736353433323130 exp_wgt_vec=0x3f3e3d3c3b3a39383736353433323130
[176000][SPM_TB] CHECK PASS: NPU saw expected act/wgt vectors from SPM
[195000][SPM_TB] CHECK PASS: legal vector handshake completed without SPM NPU-side error
[195000][SPM_TB] Starting NPU -> out_spm write sequence
[195000][SPM_TB] NPU write req out_buf=0 row=0 mask=0xffff data=0x8f008e008d008c008b008a0089008800870086008500840083008200810080 last=0
[215000][SPM_TB] NPU write accepted for output row=0
[215000][SPM_TB] NPU write req out_buf=0 row=1 mask=0xffff data=0x90008f008e008d008c008b008a008900880087008600850084008300820081 last=0
[235000][SPM_TB] NPU write accepted for output row=1
[235000][SPM_TB] NPU write req out_buf=0 row=2 mask=0xffff data=0x910090008f008e008d008c008b008a00890088008700860085008400830082 last=0
[255000][SPM_TB] NPU write accepted for output row=2
[255000][SPM_TB] NPU write req out_buf=0 row=3 mask=0xffff data=0x9200910090008f008e008d008c008b008a0089008800870086008500840083 last=0
[275000][SPM_TB] NPU write accepted for output row=3
[275000][SPM_TB] NPU write req out_buf=0 row=4 mask=0xffff data=0x93009200910090008f008e008d008c008b008a008900880087008600850084 last=0
[295000][SPM_TB] NPU write accepted for output row=4
[295000][SPM_TB] NPU write req out_buf=0 row=5 mask=0xffff data=0x940093009200910090008f008e008d008c008b008a00890088008700860085 last=0
[315000][SPM_TB] NPU write accepted for output row=5
[315000][SPM_TB] NPU write req out_buf=0 row=6 mask=0xffff data=0x9500940093009200910090008f008e008d008c008b008a0089008800870086 last=0
[335000][SPM_TB] NPU write accepted for output row=6
[335000][SPM_TB] NPU write req out_buf=0 row=7 mask=0xffff data=0x96009500940093009200910090008f008e008d008c008b008a008900880087 last=0
[355000][SPM_TB] NPU write accepted for output row=7
[355000][SPM_TB] NPU write req out_buf=0 row=8 mask=0xffff data=0x970096009500940093009200910090008f008e008d008c008b008a00890088 last=0
[375000][SPM_TB] NPU write accepted for output row=8
[375000][SPM_TB] NPU write req out_buf=0 row=9 mask=0xffff data=0x9800970096009500940093009200910090008f008e008d008c008b008a0089 last=0
[395000][SPM_TB] NPU write accepted for output row=9
[395000][SPM_TB] NPU write req out_buf=0 row=10 mask=0xffff data=0x99009800970096009500940093009200910090008f008e008d008c008b008a last=0
[415000][SPM_TB] NPU write accepted for output row=10
[415000][SPM_TB] NPU write req out_buf=0 row=11 mask=0xffff data=0x9a0099009800970096009500940093009200910090008f008e008d008c008b last=0
[435000][SPM_TB] NPU write accepted for output row=11
[435000][SPM_TB] NPU write req out_buf=0 row=12 mask=0xffff data=0x9b009a0099009800970096009500940093009200910090008f008e008d008c last=0
[455000][SPM_TB] NPU write accepted for output row=12
[455000][SPM_TB] NPU write req out_buf=0 row=13 mask=0xffff data=0x9c009b009a0099009800970096009500940093009200910090008f008e008d last=0
[475000][SPM_TB] NPU write accepted for output row=13
[475000][SPM_TB] NPU write req out_buf=0 row=14 mask=0xffff data=0x9d009c009b009a0099009800970096009500940093009200910090008f008e last=0
[495000][SPM_TB] NPU write accepted for output row=14
[495000][SPM_TB] NPU write req out_buf=0 row=15 mask=0xffff data=0x9e009d009c009b009a0099009800970096009500940093009200910090008f last=1
[515000][SPM_TB] NPU write accepted for output row=15
[525000][SPM_TB] CHECK PASS: out_buf_readable=0x1 out_buf_free=0x0 after NPU writes
[525000][SPM_TB] Starting DMA <- out_spm packed readback
[525000][SPM_TB] DMA read req out_buf=0 packed_row=0
[555000][SPM_TB] DMA read data valid for packed_row=0
[555000][SPM_TB] Observed packed row=0 data=0x90008f008e008d008c008b008a008900880087008600850084008300820081008f008e008d008c008b008a0089008800870086008500840083008200810080 exp=0x90008f008e008d008c008b008a008900880087008600850084008300820081008f008e008d008c008b008a0089008800870086008500840083008200810080 last=0
[555000][SPM_TB] CHECK PASS: packed out_spm row 0 matched expectation
[555000][SPM_TB] DMA read req out_buf=0 packed_row=1
[585000][SPM_TB] DMA read data valid for packed_row=1
[585000][SPM_TB] Observed packed row=1 data=0x9200910090008f008e008d008c008b008a008900880087008600850084008300910090008f008e008d008c008b008a00890088008700860085008400830082 exp=0x9200910090008f008e008d008c008b008a008900880087008600850084008300910090008f008e008d008c008b008a00890088008700860085008400830082 last=0
[585000][SPM_TB] CHECK PASS: packed out_spm row 1 matched expectation
[585000][SPM_TB] DMA read req out_buf=0 packed_row=2
[615000][SPM_TB] DMA read data valid for packed_row=2
[615000][SPM_TB] Observed packed row=2 data=0x940093009200910090008f008e008d008c008b008a008900880087008600850093009200910090008f008e008d008c008b008a008900880087008600850084 exp=0x940093009200910090008f008e008d008c008b008a008900880087008600850093009200910090008f008e008d008c008b008a008900880087008600850084 last=0
[615000][SPM_TB] CHECK PASS: packed out_spm row 2 matched expectation
[615000][SPM_TB] DMA read req out_buf=0 packed_row=3
[645000][SPM_TB] DMA read data valid for packed_row=3
[645000][SPM_TB] Observed packed row=3 data=0x96009500940093009200910090008f008e008d008c008b008a008900880087009500940093009200910090008f008e008d008c008b008a0089008800870086 exp=0x96009500940093009200910090008f008e008d008c008b008a008900880087009500940093009200910090008f008e008d008c008b008a0089008800870086 last=0
[645000][SPM_TB] CHECK PASS: packed out_spm row 3 matched expectation
[645000][SPM_TB] DMA read req out_buf=0 packed_row=4
[675000][SPM_TB] DMA read data valid for packed_row=4
[675000][SPM_TB] Observed packed row=4 data=0x9800970096009500940093009200910090008f008e008d008c008b008a008900970096009500940093009200910090008f008e008d008c008b008a00890088 exp=0x9800970096009500940093009200910090008f008e008d008c008b008a008900970096009500940093009200910090008f008e008d008c008b008a00890088 last=0
[675000][SPM_TB] CHECK PASS: packed out_spm row 4 matched expectation
[675000][SPM_TB] DMA read req out_buf=0 packed_row=5
[705000][SPM_TB] DMA read data valid for packed_row=5
[705000][SPM_TB] Observed packed row=5 data=0x9a0099009800970096009500940093009200910090008f008e008d008c008b0099009800970096009500940093009200910090008f008e008d008c008b008a exp=0x9a0099009800970096009500940093009200910090008f008e008d008c008b0099009800970096009500940093009200910090008f008e008d008c008b008a last=0
[705000][SPM_TB] CHECK PASS: packed out_spm row 5 matched expectation
[705000][SPM_TB] DMA read req out_buf=0 packed_row=6
[735000][SPM_TB] DMA read data valid for packed_row=6
[735000][SPM_TB] Observed packed row=6 data=0x9c009b009a0099009800970096009500940093009200910090008f008e008d009b009a0099009800970096009500940093009200910090008f008e008d008c exp=0x9c009b009a0099009800970096009500940093009200910090008f008e008d009b009a0099009800970096009500940093009200910090008f008e008d008c last=0
[735000][SPM_TB] CHECK PASS: packed out_spm row 6 matched expectation
[735000][SPM_TB] DMA read req out_buf=0 packed_row=7
[765000][SPM_TB] DMA read data valid for packed_row=7
[765000][SPM_TB] Observed packed row=7 data=0x9e009d009c009b009a0099009800970096009500940093009200910090008f009d009c009b009a0099009800970096009500940093009200910090008f008e exp=0x9e009d009c009b009a0099009800970096009500940093009200910090008f009d009c009b009a0099009800970096009500940093009200910090008f008e last=1
[765000][SPM_TB] CHECK PASS: packed out_spm row 7 matched expectation
[775000][SPM_TB] SPM TB PASS: act/wgt write, vector read, out write, and DMA readback all passed
